<!DOCTYPE html>
<html>
<head>
<meta http-equiv="Content-Type" content="text/html; charset=utf-8"/>
<meta http-equiv="x-ua-compatible" content="IE=edge"/>
<title>Test results - Class : Distribución de web Advantage</title>
<link href="../css/base-style.css" rel="stylesheet" type="text/css"/>
<link href="../css/style.css" rel="stylesheet" type="text/css"/>
<script src="../js/report.js" type="text/javascript"></script>
</head>
<body>
<div id="content">
<h1>Class : Distribución de web Advantage</h1>
<div class="breadcrumbs">
<a href="../index.html">all</a> &gt; 
<a href="../packages/default-package.html">default-package</a> &gt; : Distribución de web Advantage</div>
<div id="summary">
<table>
<tr>
<td>
<div class="summaryGroup">
<table>
<tr>
<td>
<div class="infoBox" id="tests">
<div class="counter">3</div>
<p>tests</p>
</div>
</td>
<td>
<div class="infoBox" id="failures">
<div class="counter">2</div>
<p>failures</p>
</div>
</td>
<td>
<div class="infoBox" id="ignored">
<div class="counter">0</div>
<p>ignored</p>
</div>
</td>
<td>
<div class="infoBox" id="duration">
<div class="counter">44.315s</div>
<p>duration</p>
</div>
</td>
</tr>
</table>
</div>
</td>
<td>
<div class="infoBox failures" id="successRate">
<div class="percent">33%</div>
<p>successful</p>
</div>
</td>
</tr>
</table>
</div>
<div id="tabs">
<ul class="tabLinks">
<li>
<a href="#tab0">Failed tests</a>
</li>
<li>
<a href="#tab1">Tests</a>
</li>
<li>
<a href="#tab2">Standard output</a>
</li>
<li>
<a href="#tab3">Standard error</a>
</li>
</ul>
<div id="tab0" class="tab">
<h2>Failed tests</h2>
<div class="test">
<a name="Validar Categorias"></a>
<h3 class="failures">Validar Categorias</h3>
<span class="code">
<pre>java.lang.AssertionError: Las categorias no son iguales a las esperadas
	at org.junit.Assert.fail(Assert.java:89)
	at org.junit.Assert.assertTrue(Assert.java:42)
	at com.indracompany.qa.Accion.AccionesIndex.verificaExistenciaBloquesCategoria(AccionesIndex.java:31)
	at com.indracompany.qa.steps.DistribucionWebSteps.validoQueSeEncuentrenLosProductosPorCategoria(DistribucionWebSteps.java:25)
	at ✽.Valido que se encuentren los productos por categoria(src/test/resources/features/HU_DistribucionWebAdvantage.feature:9)
</pre>
</span>
</div>
<div class="test">
<a name="Validar opciones del menú"></a>
<h3 class="failures">Validar opciones del menú</h3>
<span class="code">
<pre>org.openqa.selenium.NoSuchElementException: Timed out after 20 seconds. List elements not visible
For documentation on this error, please visit: https://www.seleniumhq.org/exceptions/no_such_element.html
Build info: version: '3.141.59', revision: 'e82be7d358', time: '2018-11-14T08:17:03'
System info: host: '22LAP5CG0434XSP', ip: '192.168.20.86', os.name: 'Windows 10', os.arch: 'amd64', os.version: '10.0', java.version: '11.0.10'
Driver info: driver.version: unknown
	at net.thucydides.core.annotations.locators.SmartAjaxElementLocator.findElements(SmartAjaxElementLocator.java:195)
	at org.openqa.selenium.support.pagefactory.internal.LocatingElementListHandler.invoke(LocatingElementListHandler.java:36)
	at com.sun.proxy.$Proxy28.size(Unknown Source)
	at com.indracompany.qa.Accion.AccionesIndex.verificaExistenciaDeOpciones(AccionesIndex.java:44)
	at com.indracompany.qa.steps.DistribucionWebSteps.validoLasOpcionesDelMenÃº(DistribucionWebSteps.java:35)
	at ✽.valido las opciones del menu(src/test/resources/features/HU_DistribucionWebAdvantage.feature:17)
</pre>
</span>
</div>
</div>
<div id="tab1" class="tab">
<h2>Tests</h2>
<table>
<thead>
<tr>
<th>Test</th>
<th>Duration</th>
<th>Result</th>
</tr>
</thead>
<tr>
<td class="success">Validar Banner de publicidad</td>
<td class="success">6.765s</td>
<td class="success">passed</td>
</tr>
<tr>
<td class="failures">Validar Categorias</td>
<td class="failures">11.397s</td>
<td class="failures">failed</td>
</tr>
<tr>
<td class="failures">Validar opciones del menú</td>
<td class="failures">26.153s</td>
<td class="failures">failed</td>
</tr>
</table>
</div>
<div id="tab2" class="tab">
<h2>Standard output</h2>
<span class="code">
<pre>15:50:34.955 [Test worker] INFO net.serenitybdd.core.webdriver.driverproviders.ProvideNewDriver - Instantiating driver
15:50:34.956 [Test worker] INFO net.serenitybdd.core.webdriver.driverproviders.ProvideNewDriver - Driver capabilities: Capabilities {acceptInsecureCerts: false, browserName: chrome, goog:chromeOptions: {args: [], extensions: []}, loggingPrefs: org.openqa.selenium.logging..., platform: ANY, version: }
15:50:40.195 [Test worker] DEBUG net.serenitybdd.core.photography.Darkroom - Opening darkroom
15:50:40.198 [Darkroom Processing Line] DEBUG net.serenitybdd.core.photography.DarkroomProcessingLine - Darkroom processing line starting up
15:50:40.354 [Test worker] DEBUG net.serenitybdd.core.photography.Darkroom - Send negative for processing for D:\Capacitaciones Automatizacion\Reto_Cristian_Quintero\target\site\serenity\8f4bb5cf36773e49c8b372d1a326504d8b14d3967a76ab3918db1c07ae4410e1.png
15:50:40.358 [Darkroom Processing Line] DEBUG net.serenitybdd.core.photography.DarkroomProcessingLine - Processing screenshot image in /var/screenshots/screenshot-15708280420353060333
15:50:40.359 [Darkroom Processing Line] DEBUG net.serenitybdd.core.photography.DarkroomProcessingLine - Saving screenshot to D:\Capacitaciones Automatizacion\Reto_Cristian_Quintero\target\site\serenity\8f4bb5cf36773e49c8b372d1a326504d8b14d3967a76ab3918db1c07ae4410e1.png
15:50:43.672 [Test worker] DEBUG net.serenitybdd.core.photography.Darkroom - Send negative for processing for D:\Capacitaciones Automatizacion\Reto_Cristian_Quintero\target\site\serenity\3d2034e5ef3cf75c00b8bdf5afa066138ec770e5e0a149f94d4820fe9e7d1d75.png
15:50:43.676 [Darkroom Processing Line] DEBUG net.serenitybdd.core.photography.DarkroomProcessingLine - Processing screenshot image in /var/screenshots/screenshot-6173984954767237477
15:50:43.677 [Darkroom Processing Line] DEBUG net.serenitybdd.core.photography.DarkroomProcessingLine - Saving screenshot to D:\Capacitaciones Automatizacion\Reto_Cristian_Quintero\target\site\serenity\3d2034e5ef3cf75c00b8bdf5afa066138ec770e5e0a149f94d4820fe9e7d1d75.png
15:50:45.313 [Test worker] ERROR net.thucydides.core.steps.ConsoleLoggingListener - 
           __  _____ _____ ____ _____   _____ _    ___ _     _____ ____  
  _       / / |_   _| ____/ ___|_   _| |  ___/ \  |_ _| |   | ____|  _ \ 
 (_)_____| |    | | |  _| \___ \ | |   | |_ / _ \  | || |   |  _| | | | |
  _|_____| |    | | | |___ ___) || |   |  _/ ___ \ | || |___| |___| |_| |
 (_)     | |    |_| |_____|____/ |_|   |_|/_/   \_\___|_____|_____|____/ 
          \_\                                                            

TEST FAILED: Validar Categorias
--------------------------------------------------------------------------
15:50:45.318 [Test worker] DEBUG net.thucydides.core.steps.ConsoleLoggingListener - RELATED ISSUES: 
15:50:45.417 [Test worker] ERROR net.thucydides.core.steps.ConsoleLoggingListener - TEST FAILED AT STEP Y Valido que se encuentren los productos por categoria
15:50:45.417 [Test worker] ERROR net.thucydides.core.steps.ConsoleLoggingListener - Las categorias no son iguales a las esperadas
15:50:45.821 [Test worker] INFO net.serenitybdd.core.webdriver.driverproviders.ProvideNewDriver - Instantiating driver
15:50:45.821 [Test worker] INFO net.serenitybdd.core.webdriver.driverproviders.ProvideNewDriver - Driver capabilities: Capabilities {acceptInsecureCerts: false, browserName: chrome, goog:chromeOptions: {args: [], extensions: []}, loggingPrefs: org.openqa.selenium.logging..., platform: ANY, version: }
15:50:49.897 [Test worker] DEBUG net.serenitybdd.core.photography.Darkroom - Send negative for processing for D:\Capacitaciones Automatizacion\Reto_Cristian_Quintero\target\site\serenity\8f4bb5cf36773e49c8b372d1a326504d8b14d3967a76ab3918db1c07ae4410e1.png
15:50:50.869 [Test worker] DEBUG net.serenitybdd.core.photography.Darkroom - Send negative for processing for D:\Capacitaciones Automatizacion\Reto_Cristian_Quintero\target\site\serenity\38d0a88afbac4e6c5f4b7189a91f97034118eb035ae32e2bddf92d7599899eea.png
15:50:50.872 [Darkroom Processing Line] DEBUG net.serenitybdd.core.photography.DarkroomProcessingLine - Processing screenshot image in /var/screenshots/screenshot-5589885845905779118
15:50:50.872 [Darkroom Processing Line] DEBUG net.serenitybdd.core.photography.DarkroomProcessingLine - Saving screenshot to D:\Capacitaciones Automatizacion\Reto_Cristian_Quintero\target\site\serenity\38d0a88afbac4e6c5f4b7189a91f97034118eb035ae32e2bddf92d7599899eea.png
15:50:52.213 [Test worker] INFO net.thucydides.core.steps.ConsoleLoggingListener - 
        __    _____ _____ ____ _____   ____   _    ____  ____  _____ ____  
  _     \ \  |_   _| ____/ ___|_   _| |  _ \ / \  / ___|/ ___|| ____|  _ \ 
 (_)_____| |   | | |  _| \___ \ | |   | |_) / _ \ \___ \\___ \|  _| | | | |
  _|_____| |   | | | |___ ___) || |   |  __/ ___ \ ___) |___) | |___| |_| |
 (_)     | |   |_| |_____|____/ |_|   |_| /_/   \_\____/|____/|_____|____/ 
        /_/                                                                

TEST PASSED: Validar Banner de publicidad
----------------------------------------------------------------------------
15:50:52.517 [Test worker] INFO net.serenitybdd.core.webdriver.driverproviders.ProvideNewDriver - Instantiating driver
15:50:52.517 [Test worker] INFO net.serenitybdd.core.webdriver.driverproviders.ProvideNewDriver - Driver capabilities: Capabilities {acceptInsecureCerts: false, browserName: chrome, goog:chromeOptions: {args: [], extensions: []}, loggingPrefs: org.openqa.selenium.logging..., platform: ANY, version: }
15:50:56.687 [Test worker] DEBUG net.serenitybdd.core.photography.Darkroom - Send negative for processing for D:\Capacitaciones Automatizacion\Reto_Cristian_Quintero\target\site\serenity\8f4bb5cf36773e49c8b372d1a326504d8b14d3967a76ab3918db1c07ae4410e1.png
15:51:17.058 [Test worker] DEBUG net.serenitybdd.core.photography.Darkroom - Send negative for processing for D:\Capacitaciones Automatizacion\Reto_Cristian_Quintero\target\site\serenity\a68f2d0b182e5791dbe8d4cc93c722eb33879e19e2e76dfd215427c692b0e3f2.png
15:51:17.061 [Darkroom Processing Line] DEBUG net.serenitybdd.core.photography.DarkroomProcessingLine - Processing screenshot image in /var/screenshots/screenshot-9706367938355682483
15:51:17.061 [Darkroom Processing Line] DEBUG net.serenitybdd.core.photography.DarkroomProcessingLine - Saving screenshot to D:\Capacitaciones Automatizacion\Reto_Cristian_Quintero\target\site\serenity\a68f2d0b182e5791dbe8d4cc93c722eb33879e19e2e76dfd215427c692b0e3f2.png
15:51:18.384 [Test worker] ERROR net.thucydides.core.steps.ConsoleLoggingListener - 
           __  _____ _____ ____ _____   _____ _    ___ _     _____ ____  
  _       / / |_   _| ____/ ___|_   _| |  ___/ \  |_ _| |   | ____|  _ \ 
 (_)_____| |    | | |  _| \___ \ | |   | |_ / _ \  | || |   |  _| | | | |
  _|_____| |    | | | |___ ___) || |   |  _/ ___ \ | || |___| |___| |_| |
 (_)     | |    |_| |_____|____/ |_|   |_|/_/   \_\___|_____|_____|____/ 
          \_\                                                            

TEST FAILED WITH ERROR: Validar opciones del menú
---------------------------------------------------------------------
15:51:18.385 [Test worker] DEBUG net.thucydides.core.steps.ConsoleLoggingListener - RELATED ISSUES: 
15:51:18.385 [Test worker] ERROR net.thucydides.core.steps.ConsoleLoggingListener - TEST FAILED AT STEP Y valido las opciones del menu
15:51:18.385 [Test worker] ERROR net.thucydides.core.steps.ConsoleLoggingListener - Timed out after 20 seconds. List elements not visible
</pre>
</span>
</div>
<div id="tab3" class="tab">
<h2>Standard error</h2>
<span class="code">
<pre>may. 10, 2021 3:50:34 P. M. org.openqa.selenium.remote.DesiredCapabilities chrome
INFORMACIÓN: Using `new ChromeOptions()` is preferred to `DesiredCapabilities.chrome()`
Starting ChromeDriver 90.0.4430.24 (4c6d850f087da467d926e8eddb76550aed655991-refs/branch-heads/4430@{#429}) on port 17475
Only local connections are allowed.
Please see https://chromedriver.chromium.org/security-considerations for suggestions on keeping ChromeDriver safe.
ChromeDriver was started successfully.
may. 10, 2021 3:50:39 P. M. org.openqa.selenium.remote.ProtocolHandshake createSession
INFORMACIÓN: Detected dialect: W3C
may. 10, 2021 3:50:45 P. M. org.openqa.selenium.remote.DesiredCapabilities chrome
INFORMACIÓN: Using `new ChromeOptions()` is preferred to `DesiredCapabilities.chrome()`
Starting ChromeDriver 90.0.4430.24 (4c6d850f087da467d926e8eddb76550aed655991-refs/branch-heads/4430@{#429}) on port 38088
Only local connections are allowed.
Please see https://chromedriver.chromium.org/security-considerations for suggestions on keeping ChromeDriver safe.
ChromeDriver was started successfully.
may. 10, 2021 3:50:48 P. M. org.openqa.selenium.remote.ProtocolHandshake createSession
INFORMACIÓN: Detected dialect: W3C
may. 10, 2021 3:50:52 P. M. org.openqa.selenium.remote.DesiredCapabilities chrome
INFORMACIÓN: Using `new ChromeOptions()` is preferred to `DesiredCapabilities.chrome()`
Starting ChromeDriver 90.0.4430.24 (4c6d850f087da467d926e8eddb76550aed655991-refs/branch-heads/4430@{#429}) on port 32238
Only local connections are allowed.
Please see https://chromedriver.chromium.org/security-considerations for suggestions on keeping ChromeDriver safe.
ChromeDriver was started successfully.
may. 10, 2021 3:50:55 P. M. org.openqa.selenium.remote.ProtocolHandshake createSession
INFORMACIÓN: Detected dialect: W3C
</pre>
</span>
</div>
</div>
<div id="footer">
<p>
<div>
<label class="hidden" id="label-for-line-wrapping-toggle" for="line-wrapping-toggle">Wrap lines
<input id="line-wrapping-toggle" type="checkbox" autocomplete="off"/>
</label>
</div>Generated by 
<a href="http://www.gradle.org">Gradle 6.8</a> at 10/05/2021, 3:51:22 p. m.</p>
</div>
</div>
</body>
</html>
