<!DOCTYPE html>
<html>
<head>
<meta http-equiv="Content-Type" content="text/html; charset=utf-8"/>
<meta http-equiv="x-ua-compatible" content="IE=edge"/>
<title>Test results - Class com.indracompany.qa.runners.DistribucionRunner</title>
<link href="../css/base-style.css" rel="stylesheet" type="text/css"/>
<link href="../css/style.css" rel="stylesheet" type="text/css"/>
<script src="../js/report.js" type="text/javascript"></script>
</head>
<body>
<div id="content">
<h1>Class com.indracompany.qa.runners.DistribucionRunner</h1>
<div class="breadcrumbs">
<a href="../index.html">all</a> &gt; 
<a href="../packages/com.indracompany.qa.runners.html">com.indracompany.qa.runners</a> &gt; DistribucionRunner</div>
<div id="summary">
<table>
<tr>
<td>
<div class="summaryGroup">
<table>
<tr>
<td>
<div class="infoBox" id="tests">
<div class="counter">0</div>
<p>tests</p>
</div>
</td>
<td>
<div class="infoBox" id="failures">
<div class="counter">0</div>
<p>failures</p>
</div>
</td>
<td>
<div class="infoBox" id="ignored">
<div class="counter">0</div>
<p>ignored</p>
</div>
</td>
<td>
<div class="infoBox" id="duration">
<div class="counter">-</div>
<p>duration</p>
</div>
</td>
</tr>
</table>
</div>
</td>
<td>
<div class="infoBox success" id="successRate">
<div class="percent">-</div>
<p>successful</p>
</div>
</td>
</tr>
</table>
</div>
<div id="tabs">
<ul class="tabLinks">
<li>
<a href="#tab0">Tests</a>
</li>
<li>
<a href="#tab1">Standard output</a>
</li>
</ul>
<div id="tab0" class="tab">
<h2>Tests</h2>
<table>
<thead>
<tr>
<th>Test</th>
<th>Duration</th>
<th>Result</th>
</tr>
</thead>
</table>
</div>
<div id="tab1" class="tab">
<h2>Standard output</h2>
<span class="code">
<pre>15:50:33.353 [Test worker] DEBUG net.thucydides.core.util.PropertiesFileLocalPreferences - LOADING LOCAL PROPERTIES FROM C:\Program Files\JetBrains\IntelliJ IDEA Community Edition 2021.1\jbr\bin\serenity.properties 
15:50:33.426 [Test worker] DEBUG net.thucydides.core.util.PropertiesFileLocalPreferences - LOADING LOCAL PROPERTIES FROM D:\Capacitaciones Automatizacion\Reto_Cristian_Quintero\serenity.properties 
15:50:33.441 [Test worker] DEBUG net.thucydides.core.util.PropertiesFileLocalPreferences - webdriver.driver=chrome
15:50:33.441 [Test worker] DEBUG net.thucydides.core.util.PropertiesFileLocalPreferences - serenity.project.name=Serenity and Cucumber Quick Start
15:50:33.441 [Test worker] DEBUG net.thucydides.core.util.PropertiesFileLocalPreferences - webdriver.timeouts.implicitlywait=20000
15:50:33.441 [Test worker] DEBUG net.thucydides.core.util.PropertiesFileLocalPreferences - webdriver.timeouts.setScriptTimeout=20000
15:50:33.441 [Test worker] DEBUG net.thucydides.core.util.PropertiesFileLocalPreferences - webdriver.timeouts.pageLoadTimeout=300000
15:50:33.441 [Test worker] DEBUG net.thucydides.core.util.PropertiesFileLocalPreferences - drivers.windows.webdriver.chrome.driver=D:\Capacitaciones Automatizacion\Reto_Cristian_Quintero\src\test\resources\webdriver\windows\chromedriver.exe
15:50:33.764 [Test worker] DEBUG net.thucydides.core.util.PropertiesFileLocalPreferences - LOADING LOCAL PROPERTIES FROM C:\Program Files\JetBrains\IntelliJ IDEA Community Edition 2021.1\jbr\bin\serenity.properties 
15:50:33.792 [Test worker] DEBUG net.thucydides.core.util.PropertiesFileLocalPreferences - LOADING LOCAL PROPERTIES FROM D:\Capacitaciones Automatizacion\Reto_Cristian_Quintero\serenity.properties 
15:50:33.794 [Test worker] DEBUG net.thucydides.core.util.PropertiesFileLocalPreferences - webdriver.driver=chrome
15:50:33.794 [Test worker] DEBUG net.thucydides.core.util.PropertiesFileLocalPreferences - serenity.project.name=Serenity and Cucumber Quick Start
15:50:33.795 [Test worker] DEBUG net.thucydides.core.util.PropertiesFileLocalPreferences - webdriver.timeouts.implicitlywait=20000
15:50:33.795 [Test worker] DEBUG net.thucydides.core.util.PropertiesFileLocalPreferences - webdriver.timeouts.setScriptTimeout=20000
15:50:33.795 [Test worker] DEBUG net.thucydides.core.util.PropertiesFileLocalPreferences - webdriver.timeouts.pageLoadTimeout=300000
15:50:33.795 [Test worker] DEBUG net.thucydides.core.util.PropertiesFileLocalPreferences - drivers.windows.webdriver.chrome.driver=D:\Capacitaciones Automatizacion\Reto_Cristian_Quintero\src\test\resources\webdriver\windows\chromedriver.exe
15:50:33.804 [Test worker] INFO net.thucydides.core.steps.ConsoleLoggingListener - 

-------------------------------------------------------------------------------------
     _______. _______ .______       _______ .__   __.  __  .___________.____    ____ 
    /       ||   ____||   _  \     |   ____||  \ |  | |  | |           |\   \  /   / 
   |   (----`|  |__   |  |_)  |    |  |__   |   \|  | |  | `---|  |----` \   \/   /  
    \   \    |   __|  |      /     |   __|  |  . `  | |  |     |  |       \_    _/   
.----)   |   |  |____ |  |\  \----.|  |____ |  |\   | |  |     |  |         |  |     
|_______/    |_______|| _| `._____||_______||__| \__| |__|     |__|         |__|    
                                                                                     
 News and tutorials at http://www.serenity-bdd.info                                  
 Documentation at https://wakaleo.gitbooks.io/the-serenity-book/content/             
 Join the Serenity Community on Rocket Chat at https://serenity-bdd.rocket.chat      
 Serenity BDD Support and Training at http://serenity-bdd.info/#/trainingandsupport  
 Learn Serenity BDD online at http://serenity-dojo.com                               
-------------------------------------------------------------------------------------

15:50:33.815 [Test worker] DEBUG net.thucydides.core.steps.StepEventBus - Test suite started for story net.thucydides.core.model.Story@b35ae4e1
15:50:33.817 [Test worker] INFO net.thucydides.core.steps.ConsoleLoggingListener - Test Suite Started: : Distribución de web Advantage
15:50:33.870 [Test worker] INFO net.thucydides.core.steps.ConsoleLoggingListener - 
 _____ _____ ____ _____   ____ _____  _    ____ _____ _____ ____  
|_   _| ____/ ___|_   _| / ___|_   _|/ \  |  _ \_   _| ____|  _ \ 
  | | |  _| \___ \ | |   \___ \ | | / _ \ | |_) || | |  _| | | | |
  | | | |___ ___) || |    ___) || |/ ___ \|  _ &lt; | | | |___| |_| |
  |_| |_____|____/ |_|   |____/ |_/_/   \_\_| \_\|_| |_____|____/ 
                                                                  

TEST STARTED: Validar Categorias
-------------------------------------------------------------------(:-distribución-de-web-advantage;validar-categorias)
15:50:45.438 [Test worker] INFO net.thucydides.core.steps.ConsoleLoggingListener - 
 _____ _____ ____ _____   ____ _____  _    ____ _____ _____ ____  
|_   _| ____/ ___|_   _| / ___|_   _|/ \  |  _ \_   _| ____|  _ \ 
  | | |  _| \___ \ | |   \___ \ | | / _ \ | |_) || | |  _| | | | |
  | | | |___ ___) || |    ___) || |/ ___ \|  _ &lt; | | | |___| |_| |
  |_| |_____|____/ |_|   |____/ |_/_/   \_\_| \_\|_| |_____|____/ 
                                                                  

TEST STARTED: Validar Banner de publicidad
-------------------------------------------------------------------(:-distribución-de-web-advantage;validar-banner-de-publicidad)
15:50:52.224 [Test worker] INFO net.thucydides.core.steps.ConsoleLoggingListener - 
 _____ _____ ____ _____   ____ _____  _    ____ _____ _____ ____  
|_   _| ____/ ___|_   _| / ___|_   _|/ \  |  _ \_   _| ____|  _ \ 
  | | |  _| \___ \ | |   \___ \ | | / _ \ | |_) || | |  _| | | | |
  | | | |___ ___) || |    ___) || |/ ___ \|  _ &lt; | | | |___| |_| |
  |_| |_____|____/ |_|   |____/ |_/_/   \_\_| \_\|_| |_____|____/ 
                                                                  

TEST STARTED: Validar opciones del menú
-------------------------------------------------------------------(:-distribución-de-web-advantage;validar-opciones-del-menú)
15:51:18.390 [Test worker] DEBUG net.thucydides.core.reports.ReportService - Reporting formats: [JSON, HTML]
15:51:18.457 [Test worker] DEBUG net.thucydides.core.reports.ReportService - Reporting formats: [JSON, HTML]
15:51:18.469 [Test worker] DEBUG net.thucydides.core.reports.ReportService - Generating reports for 3 test outcomes using: net.thucydides.core.reports.json.JSONTestOutcomeReporter@57510d62
15:51:18.473 [pool-1-thread-1] DEBUG net.thucydides.core.reports.ReportService - Processing test outcome : Distribución de web Advantage:Validar Categorias
15:51:18.473 [pool-1-thread-1] DEBUG net.thucydides.core.reports.ReportService - net.thucydides.core.reports.json.JSONTestOutcomeReporter@57510d62: Generating report for test outcome: : Distribución de web Advantage:Validar Categorias
15:51:18.474 [pool-1-thread-2] DEBUG net.thucydides.core.reports.ReportService - Processing test outcome : Distribución de web Advantage:Validar Banner de publicidad
15:51:18.474 [pool-1-thread-2] DEBUG net.thucydides.core.reports.ReportService - net.thucydides.core.reports.json.JSONTestOutcomeReporter@57510d62: Generating report for test outcome: : Distribución de web Advantage:Validar Banner de publicidad
15:51:18.476 [pool-1-thread-3] DEBUG net.thucydides.core.reports.ReportService - Processing test outcome : Distribución de web Advantage:Validar opciones del menú
15:51:18.476 [pool-1-thread-3] DEBUG net.thucydides.core.reports.ReportService - net.thucydides.core.reports.json.JSONTestOutcomeReporter@57510d62: Generating report for test outcome: : Distribución de web Advantage:Validar opciones del menú
15:51:18.480 [pool-1-thread-1] DEBUG net.thucydides.core.reports.json.JSONTestOutcomeReporter - Generating JSON report for Validar Categorias to file D:\Capacitaciones Automatizacion\Reto_Cristian_Quintero\target\site\serenity\2071fda7f94e1c3951490cef034a5f0fb9e084f93acf19514ce42fa3e829e10a.json (using temp file D:\Capacitaciones Automatizacion\Reto_Cristian_Quintero\target\site\serenity\2071fda7f94e1c3951490cef034a5f0fb9e084f93acf19514ce42fa3e829e10a.json93a9b520-fd41-4148-9cb9-579b799c2d21)
15:51:18.480 [pool-1-thread-3] DEBUG net.thucydides.core.reports.json.JSONTestOutcomeReporter - Generating JSON report for Validar opciones del menú to file D:\Capacitaciones Automatizacion\Reto_Cristian_Quintero\target\site\serenity\5412eb1a419526acc688b9f686fa77280654c141ba2ea165e43350a36234d5eb.json (using temp file D:\Capacitaciones Automatizacion\Reto_Cristian_Quintero\target\site\serenity\5412eb1a419526acc688b9f686fa77280654c141ba2ea165e43350a36234d5eb.json1208d682-62e4-4c2b-ab5f-903aced876b7)
15:51:18.480 [pool-1-thread-2] DEBUG net.thucydides.core.reports.json.JSONTestOutcomeReporter - Generating JSON report for Validar Banner de publicidad to file D:\Capacitaciones Automatizacion\Reto_Cristian_Quintero\target\site\serenity\652e404af078ffb840481db446b6be8f99dcd446832ae460b2b016ffc455dce4.json (using temp file D:\Capacitaciones Automatizacion\Reto_Cristian_Quintero\target\site\serenity\652e404af078ffb840481db446b6be8f99dcd446832ae460b2b016ffc455dce4.json6e1cb2c6-782a-4038-9686-9fc904dc32e1)
15:51:18.522 [pool-1-thread-2] DEBUG net.thucydides.core.reports.ReportService - Processing test outcome : Distribución de web Advantage:Validar Banner de publicidad done
15:51:18.522 [pool-1-thread-1] DEBUG net.thucydides.core.reports.ReportService - Processing test outcome : Distribución de web Advantage:Validar Categorias done
15:51:18.522 [pool-1-thread-3] DEBUG net.thucydides.core.reports.ReportService - Processing test outcome : Distribución de web Advantage:Validar opciones del menú done
15:51:18.523 [Test worker] DEBUG net.thucydides.core.reports.ReportService - Shutting down executor service
15:51:18.523 [Test worker] DEBUG net.thucydides.core.reports.ReportService - Reports generated in: 54 ms
15:51:18.523 [Test worker] DEBUG net.thucydides.core.reports.ReportService - Generating reports for 3 test outcomes using: net.thucydides.core.reports.html.HtmlAcceptanceTestReporter@7140a0a0
15:51:18.525 [pool-2-thread-1] DEBUG net.thucydides.core.reports.ReportService - Processing test outcome : Distribución de web Advantage:Validar Categorias
15:51:18.526 [pool-2-thread-1] DEBUG net.thucydides.core.reports.ReportService - net.thucydides.core.reports.html.HtmlAcceptanceTestReporter@7140a0a0: Generating report for test outcome: : Distribución de web Advantage:Validar Categorias
15:51:18.526 [pool-2-thread-1] DEBUG net.thucydides.core.reports.html.HtmlAcceptanceTestReporter - GENERATE TEST OUTCOME REPORT FOR Validar Categorias in 2071fda7f94e1c3951490cef034a5f0fb9e084f93acf19514ce42fa3e829e10a
15:51:18.528 [pool-2-thread-2] DEBUG net.thucydides.core.reports.ReportService - Processing test outcome : Distribución de web Advantage:Validar Banner de publicidad
15:51:18.529 [pool-2-thread-2] DEBUG net.thucydides.core.reports.ReportService - net.thucydides.core.reports.html.HtmlAcceptanceTestReporter@7140a0a0: Generating report for test outcome: : Distribución de web Advantage:Validar Banner de publicidad
15:51:18.529 [pool-2-thread-2] DEBUG net.thucydides.core.reports.html.HtmlAcceptanceTestReporter - GENERATE TEST OUTCOME REPORT FOR Validar Banner de publicidad in 652e404af078ffb840481db446b6be8f99dcd446832ae460b2b016ffc455dce4
15:51:18.531 [pool-2-thread-3] DEBUG net.thucydides.core.reports.ReportService - Processing test outcome : Distribución de web Advantage:Validar opciones del menú
15:51:18.531 [pool-2-thread-3] DEBUG net.thucydides.core.reports.ReportService - net.thucydides.core.reports.html.HtmlAcceptanceTestReporter@7140a0a0: Generating report for test outcome: : Distribución de web Advantage:Validar opciones del menú
15:51:18.531 [pool-2-thread-3] DEBUG net.thucydides.core.reports.html.HtmlAcceptanceTestReporter - GENERATE TEST OUTCOME REPORT FOR Validar opciones del menú in 5412eb1a419526acc688b9f686fa77280654c141ba2ea165e43350a36234d5eb
15:51:18.544 [pool-2-thread-1] DEBUG net.thucydides.core.requirements.RequirementsTagProvider -  found:[]
15:51:18.544 [pool-2-thread-3] DEBUG net.thucydides.core.requirements.RequirementsTagProvider -  found:[]
15:51:18.544 [pool-2-thread-2] DEBUG net.thucydides.core.requirements.RequirementsTagProvider -  found:[]
15:51:18.549 [pool-2-thread-1] DEBUG net.thucydides.core.requirements.RequirementsTagProvider -  found:[]
15:51:18.549 [pool-2-thread-2] DEBUG net.thucydides.core.requirements.RequirementsTagProvider -  found:[]
15:51:18.549 [pool-2-thread-3] DEBUG net.thucydides.core.requirements.RequirementsTagProvider -  found:[]
15:51:18.691 [pool-2-thread-1] DEBUG net.thucydides.core.requirements.RequirementsTagProvider -  found:[]
15:51:18.691 [pool-2-thread-2] DEBUG net.thucydides.core.requirements.RequirementsTagProvider -  found:[]
15:51:18.691 [pool-2-thread-3] DEBUG net.thucydides.core.requirements.RequirementsTagProvider -  found:[]
15:51:18.692 [pool-2-thread-1] DEBUG net.thucydides.core.requirements.RequirementsTagProvider -  found:[]
15:51:18.692 [pool-2-thread-3] DEBUG net.thucydides.core.requirements.RequirementsTagProvider -  found:[]
15:51:18.692 [pool-2-thread-2] DEBUG net.thucydides.core.requirements.RequirementsTagProvider -  found:[]
15:51:18.769 [pool-2-thread-2] DEBUG net.thucydides.core.reports.html.HtmlAcceptanceTestReporter - Generating report in 652e404af078ffb840481db446b6be8f99dcd446832ae460b2b016ffc455dce4_screenshots.html
15:51:18.769 [pool-2-thread-1] DEBUG net.thucydides.core.reports.html.HtmlAcceptanceTestReporter - Generating report in 2071fda7f94e1c3951490cef034a5f0fb9e084f93acf19514ce42fa3e829e10a_screenshots.html
15:51:18.770 [pool-2-thread-3] DEBUG net.thucydides.core.reports.html.HtmlAcceptanceTestReporter - Generating report in 5412eb1a419526acc688b9f686fa77280654c141ba2ea165e43350a36234d5eb_screenshots.html
15:51:19.615 [pool-2-thread-1] DEBUG net.thucydides.core.reports.html.HtmlAcceptanceTestReporter - Generated report 2071fda7f94e1c3951490cef034a5f0fb9e084f93acf19514ce42fa3e829e10a_screenshots.html in 846 ms
15:51:19.615 [pool-2-thread-3] DEBUG net.thucydides.core.reports.html.HtmlAcceptanceTestReporter - Generated report 5412eb1a419526acc688b9f686fa77280654c141ba2ea165e43350a36234d5eb_screenshots.html in 845 ms
15:51:19.616 [pool-2-thread-1] DEBUG net.thucydides.core.reports.html.HtmlAcceptanceTestReporter - GENERATING HTML REPORT FOR : Distribución de web Advantage:Validar Categorias in 2071fda7f94e1c3951490cef034a5f0fb9e084f93acf19514ce42fa3e829e10a.html in directory D:\Capacitaciones Automatizacion\Reto_Cristian_Quintero\target\site\serenity  
15:51:19.616 [pool-2-thread-3] DEBUG net.thucydides.core.reports.html.HtmlAcceptanceTestReporter - GENERATING HTML REPORT FOR : Distribución de web Advantage:Validar opciones del menú in 5412eb1a419526acc688b9f686fa77280654c141ba2ea165e43350a36234d5eb.html in directory D:\Capacitaciones Automatizacion\Reto_Cristian_Quintero\target\site\serenity  
15:51:19.630 [pool-2-thread-2] DEBUG net.thucydides.core.reports.html.HtmlAcceptanceTestReporter - Generated report 652e404af078ffb840481db446b6be8f99dcd446832ae460b2b016ffc455dce4_screenshots.html in 861 ms
15:51:19.632 [pool-2-thread-2] DEBUG net.thucydides.core.reports.html.HtmlAcceptanceTestReporter - GENERATING HTML REPORT FOR : Distribución de web Advantage:Validar Banner de publicidad in 652e404af078ffb840481db446b6be8f99dcd446832ae460b2b016ffc455dce4.html in directory D:\Capacitaciones Automatizacion\Reto_Cristian_Quintero\target\site\serenity  
15:51:19.636 [pool-2-thread-2] DEBUG net.thucydides.core.reports.html.HtmlAcceptanceTestReporter - Generating report in 652e404af078ffb840481db446b6be8f99dcd446832ae460b2b016ffc455dce4.html
15:51:19.738 [pool-2-thread-2] DEBUG net.thucydides.core.reports.html.HtmlAcceptanceTestReporter - Generated report 652e404af078ffb840481db446b6be8f99dcd446832ae460b2b016ffc455dce4.html in 102 ms
15:51:19.738 [pool-2-thread-2] DEBUG net.thucydides.core.reports.ReportService - Processing test outcome : Distribución de web Advantage:Validar Banner de publicidad done
15:51:21.704 [pool-2-thread-3] DEBUG net.thucydides.core.reports.html.HtmlAcceptanceTestReporter - Generating report in 5412eb1a419526acc688b9f686fa77280654c141ba2ea165e43350a36234d5eb.html
15:51:21.706 [pool-2-thread-1] DEBUG net.thucydides.core.reports.html.HtmlAcceptanceTestReporter - Generating report in 2071fda7f94e1c3951490cef034a5f0fb9e084f93acf19514ce42fa3e829e10a.html
15:51:21.769 [pool-2-thread-1] DEBUG net.thucydides.core.reports.html.HtmlAcceptanceTestReporter - Generated report 2071fda7f94e1c3951490cef034a5f0fb9e084f93acf19514ce42fa3e829e10a.html in 63 ms
15:51:21.769 [pool-2-thread-1] DEBUG net.thucydides.core.reports.ReportService - Processing test outcome : Distribución de web Advantage:Validar Categorias done
15:51:22.269 [pool-2-thread-3] DEBUG net.thucydides.core.reports.html.HtmlAcceptanceTestReporter - Generated report 5412eb1a419526acc688b9f686fa77280654c141ba2ea165e43350a36234d5eb.html in 565 ms
15:51:22.269 [pool-2-thread-3] DEBUG net.thucydides.core.reports.ReportService - Processing test outcome : Distribución de web Advantage:Validar opciones del menú done
15:51:22.269 [Test worker] DEBUG net.thucydides.core.reports.ReportService - Shutting down executor service
15:51:22.269 [Test worker] DEBUG net.thucydides.core.reports.ReportService - Reports generated in: 3746 ms
15:51:22.404 [Test worker] DEBUG net.serenitybdd.core.photography.Darkroom - Closing darkroom
15:51:22.404 [Darkroom Processing Line] DEBUG net.serenitybdd.core.photography.DarkroomProcessingLine - Darkroom processing line shutting down

?[31mFailed scenarios:?[0m
?[31msrc/test/resources/features/HU_DistribucionWebAdvantage.feature:7 ?[0m# Validar Categorias
?[31msrc/test/resources/features/HU_DistribucionWebAdvantage.feature:15 ?[0m# Validar opciones del menú

3 Scenarios (?[31m2 failed?[0m, ?[32m1 passed?[0m)
6 Steps (?[31m2 failed?[0m, ?[32m4 passed?[0m)
0m44,748s

java.lang.AssertionError: Las categorias no son iguales a las esperadas
	at org.junit.Assert.fail(Assert.java:89)
	at org.junit.Assert.assertTrue(Assert.java:42)
	at com.indracompany.qa.Accion.AccionesIndex.verificaExistenciaBloquesCategoria(AccionesIndex.java:31)
	at com.indracompany.qa.steps.DistribucionWebSteps.validoQueSeEncuentrenLosProductosPorCategoria(DistribucionWebSteps.java:25)
	at ?.Valido que se encuentren los productos por categoria(src/test/resources/features/HU_DistribucionWebAdvantage.feature:9)

org.openqa.selenium.NoSuchElementException: Timed out after 20 seconds. List elements not visible
For documentation on this error, please visit: https://www.seleniumhq.org/exceptions/no_such_element.html
Build info: version: '3.141.59', revision: 'e82be7d358', time: '2018-11-14T08:17:03'
System info: host: '22LAP5CG0434XSP', ip: '192.168.20.86', os.name: 'Windows 10', os.arch: 'amd64', os.version: '10.0', java.version: '11.0.10'
Driver info: driver.version: unknown
	at net.thucydides.core.annotations.locators.SmartAjaxElementLocator.findElements(SmartAjaxElementLocator.java:195)
	at org.openqa.selenium.support.pagefactory.internal.LocatingElementListHandler.invoke(LocatingElementListHandler.java:36)
	at com.sun.proxy.$Proxy28.size(Unknown Source)
	at com.indracompany.qa.Accion.AccionesIndex.verificaExistenciaDeOpciones(AccionesIndex.java:44)
	at com.indracompany.qa.steps.DistribucionWebSteps.validoLasOpcionesDelMenÃº(DistribucionWebSteps.java:35)
	at ?.valido las opciones del menu(src/test/resources/features/HU_DistribucionWebAdvantage.feature:17)

</pre>
</span>
</div>
</div>
<div id="footer">
<p>
<div>
<label class="hidden" id="label-for-line-wrapping-toggle" for="line-wrapping-toggle">Wrap lines
<input id="line-wrapping-toggle" type="checkbox" autocomplete="off"/>
</label>
</div>Generated by 
<a href="http://www.gradle.org">Gradle 6.8</a> at 10/05/2021, 3:51:22 p. m.</p>
</div>
</div>
</body>
</html>
